
  .   ____          _            __ _ _
 /\\ / ___'_ __ _ _(_)_ __  __ _ \ \ \ \
( ( )\___ | '_ | '_| | '_ \/ _` | \ \ \ \
 \\/  ___)| |_)| | | | | || (_| |  ) ) ) )
  '  |____| .__|_| |_|_| |_\__, | / / / /
 =========|_|==============|___/=/_/_/_/

 :: Spring Boot ::                (v3.5.7)

2025-11-12T16:08:44.212+05:30  INFO 17436 --- [           main] c.e.nxttrendz.NxtTrendzApplication       : Starting NxtTrendzApplication v0.0.1-SNAPSHOT using Java 21.0.7 with PID 17436 (C:\Users\WIN11\Desktop\Spring boot\NXT_TRENDZ\target\NXT_TRENDZ-0.0.1-SNAPSHOT.jar started by WIN11 in C:\Users\WIN11\Desktop\spring boot\NXT_TRENDZ)
2025-11-12T16:08:44.219+05:30  INFO 17436 --- [           main] c.e.nxttrendz.NxtTrendzApplication       : No active profile set, falling back to 1 default profile: "default"
2025-11-12T16:08:46.750+05:30  INFO 17436 --- [           main] .s.d.r.c.RepositoryConfigurationDelegate : Multiple Spring Data modules found, entering strict repository configuration mode
2025-11-12T16:08:46.754+05:30  INFO 17436 --- [           main] .s.d.r.c.RepositoryConfigurationDelegate : Bootstrapping Spring Data JDBC repositories in DEFAULT mode.
2025-11-12T16:08:46.856+05:30  INFO 17436 --- [           main] .RepositoryConfigurationExtensionSupport : Spring Data JDBC - Could not safely identify store assignment for repository candidate interface com.example.nxttrendz.repository.CartItemRepository; If you want this repository to be a JDBC repository, consider annotating your entities with one of these annotations: org.springframework.data.relational.core.mapping.Table.
2025-11-12T16:08:46.858+05:30  INFO 17436 --- [           main] .RepositoryConfigurationExtensionSupport : Spring Data JDBC - Could not safely identify store assignment for repository candidate interface com.example.nxttrendz.repository.CategoryRepository; If you want this repository to be a JDBC repository, consider annotating your entities with one of these annotations: org.springframework.data.relational.core.mapping.Table.
2025-11-12T16:08:46.862+05:30  INFO 17436 --- [           main] .RepositoryConfigurationExtensionSupport : Spring Data JDBC - Could not safely identify store assignment for repository candidate interface com.example.nxttrendz.repository.ProductRepository; If you want this repository to be a JDBC repository, consider annotating your entities with one of these annotations: org.springframework.data.relational.core.mapping.Table.
2025-11-12T16:08:46.868+05:30  INFO 17436 --- [           main] .RepositoryConfigurationExtensionSupport : Spring Data JDBC - Could not safely identify store assignment for repository candidate interface com.example.nxttrendz.repository.UserRepository; If you want this repository to be a JDBC repository, consider annotating your entities with one of these annotations: org.springframework.data.relational.core.mapping.Table.
2025-11-12T16:08:46.869+05:30  INFO 17436 --- [           main] .s.d.r.c.RepositoryConfigurationDelegate : Finished Spring Data repository scanning in 93 ms. Found 0 JDBC repository interfaces.
2025-11-12T16:08:46.894+05:30  INFO 17436 --- [           main] .s.d.r.c.RepositoryConfigurationDelegate : Multiple Spring Data modules found, entering strict repository configuration mode
2025-11-12T16:08:46.896+05:30  INFO 17436 --- [           main] .s.d.r.c.RepositoryConfigurationDelegate : Bootstrapping Spring Data JPA repositories in DEFAULT mode.
2025-11-12T16:08:46.983+05:30  INFO 17436 --- [           main] .s.d.r.c.RepositoryConfigurationDelegate : Finished Spring Data repository scanning in 74 ms. Found 4 JPA repository interfaces.
2025-11-12T16:08:48.464+05:30  INFO 17436 --- [           main] o.s.b.w.embedded.tomcat.TomcatWebServer  : Tomcat initialized with port 8080 (http)
2025-11-12T16:08:48.493+05:30  INFO 17436 --- [           main] o.apache.catalina.core.StandardService   : Starting service [Tomcat]
2025-11-12T16:08:48.494+05:30  INFO 17436 --- [           main] o.apache.catalina.core.StandardEngine    : Starting Servlet engine: [Apache Tomcat/10.1.48]
2025-11-12T16:08:48.557+05:30  INFO 17436 --- [           main] o.a.c.c.C.[Tomcat].[localhost].[/]       : Initializing Spring embedded WebApplicationContext
2025-11-12T16:08:48.559+05:30  INFO 17436 --- [           main] w.s.c.ServletWebServerApplicationContext : Root WebApplicationContext: initialization completed in 4203 ms
2025-11-12T16:08:49.077+05:30  INFO 17436 --- [           main] o.hibernate.jpa.internal.util.LogHelper  : HHH000204: Processing PersistenceUnitInfo [name: default]
2025-11-12T16:08:49.266+05:30  INFO 17436 --- [           main] org.hibernate.Version                    : HHH000412: Hibernate ORM core version 6.6.33.Final
2025-11-12T16:08:49.387+05:30  INFO 17436 --- [           main] o.h.c.internal.RegionFactoryInitiator    : HHH000026: Second-level cache disabled
2025-11-12T16:08:50.264+05:30  INFO 17436 --- [           main] o.s.o.j.p.SpringPersistenceUnitInfo      : No LoadTimeWeaver setup: ignoring JPA class transformer
2025-11-12T16:08:50.344+05:30  INFO 17436 --- [           main] com.zaxxer.hikari.HikariDataSource       : HikariPool-1 - Starting...
2025-11-12T16:08:50.834+05:30  INFO 17436 --- [           main] com.zaxxer.hikari.pool.HikariPool        : HikariPool-1 - Added connection conn0: url=jdbc:h2:mem:ecommerce user=SA
2025-11-12T16:08:50.840+05:30  INFO 17436 --- [           main] com.zaxxer.hikari.HikariDataSource       : HikariPool-1 - Start completed.
2025-11-12T16:08:50.955+05:30  INFO 17436 --- [           main] org.hibernate.orm.connections.pooling    : HHH10001005: Database info:
	Database JDBC URL [Connecting through datasource 'HikariDataSource (HikariPool-1)']
	Database driver: undefined/unknown
	Database version: 2.3.232
	Autocommit mode: undefined/unknown
	Isolation level: undefined/unknown
	Minimum pool size: undefined/unknown
	Maximum pool size: undefined/unknown
2025-11-12T16:08:53.357+05:30  INFO 17436 --- [           main] o.h.e.t.j.p.i.JtaPlatformInitiator       : HHH000489: No JTA platform available (set 'hibernate.transaction.jta.platform' to enable JTA platform integration)
Hibernate: drop table if exists cart_item cascade 
Hibernate: drop table if exists category cascade 
Hibernate: drop table if exists products cascade 
Hibernate: drop table if exists users cascade 
Hibernate: create table cart_item (price float(24) not null, quantity integer not null, id bigint generated by default as identity, product_id bigint, user_id bigint, product_name varchar(255), primary key (id))
Hibernate: create table category (id integer generated by default as identity, name varchar(255), primary key (id))
Hibernate: create table products (price float(53), prime_deal boolean not null, rating integer not null, total_reviews integer not null, category_id bigint, id bigint generated by default as identity, availability varchar(255), brand varchar(255), description varchar(255), image_url varchar(255), title varchar(255), primary key (id))
Hibernate: create table users (id bigint generated by default as identity, password varchar(255), username varchar(255), primary key (id))
Hibernate: alter table if exists cart_item add constraint FKqkqmvkmbtiaqn2nfqf25ymfs2 foreign key (product_id) references products
Hibernate: alter table if exists cart_item add constraint FKka3t831w0aw2vrwgsbhcn5y4m foreign key (user_id) references users
2025-11-12T16:08:53.535+05:30  INFO 17436 --- [           main] j.LocalContainerEntityManagerFactoryBean : Initialized JPA EntityManagerFactory for persistence unit 'default'
2025-11-12T16:08:54.885+05:30  WARN 17436 --- [           main] JpaBaseConfiguration$JpaWebConfiguration : spring.jpa.open-in-view is enabled by default. Therefore, database queries may be performed during view rendering. Explicitly configure spring.jpa.open-in-view to disable this warning
2025-11-12T16:08:56.157+05:30  INFO 17436 --- [           main] o.s.b.a.h2.H2ConsoleAutoConfiguration    : H2 console available at '/h2-console'. Database available at 'jdbc:h2:mem:ecommerce'
2025-11-12T16:08:56.359+05:30  INFO 17436 --- [           main] o.s.b.w.embedded.tomcat.TomcatWebServer  : Tomcat started on port 8080 (http) with context path '/'
2025-11-12T16:08:56.453+05:30  INFO 17436 --- [           main] c.e.nxttrendz.NxtTrendzApplication       : Started NxtTrendzApplication in 13.28 seconds (process running for 14.596)
